2018/07/17 21:35:56 [error] [exception.CDbException] CDbException: The table "{{post}}" for active record class "Post" cannot be found in the database. in C:\FrameWorks\yii\framework\db\ar\CActiveRecord.php:2390
Stack trace:
#0 C:\FrameWorks\yii\framework\db\ar\CActiveRecord.php(413): CActiveRecordMetaData->__construct(Object(Post))
#1 C:\FrameWorks\yii\framework\db\ar\CActiveRecord.php(663): CActiveRecord->getMetaData()
#2 C:\FrameWorks\yii\framework\db\ar\CActiveFinder.php(393): CActiveRecord->getTableSchema()
#3 C:\FrameWorks\yii\framework\db\ar\CActiveFinder.php(47): CJoinElement->__construct(Object(CActiveFinder), Object(Post))
#4 C:\FrameWorks\yii\framework\db\ar\CActiveRecord.php(915): CActiveFinder->__construct(Object(Post), 'commentCount')
#5 C:\FrameWorks\yii\framework\db\ar\CActiveRecord.php(1612): CActiveRecord->getActiveFinder('commentCount')
#6 C:\FrameWorks\yii\framework\web\CActiveDataProvider.php(228): CActiveRecord->count(Object(CDbCriteria))
#7 C:\FrameWorks\yii\framework\web\CDataProvider.php(224): CActiveDataProvider->calculateTotalItemCount()
#8 C:\FrameWorks\yii\framework\web\CActiveDataProvider.php(178): CDataProvider->getTotalItemCount()
#9 C:\FrameWorks\yii\framework\web\CDataProvider.php(168): CActiveDataProvider->fetchData()
#10 C:\FrameWorks\yii\framework\zii\widgets\CBaseListView.php(125): CDataProvider->getData()
#11 C:\FrameWorks\yii\framework\zii\widgets\CListView.php(211): CBaseListView->init()
#12 C:\FrameWorks\yii\framework\web\CBaseController.php(147): CListView->init()
#13 C:\FrameWorks\yii\framework\web\CBaseController.php(181): CBaseController->createWidget('zii.widgets.CLi...', Array)
#14 C:\Users\edytor\Documents\My Web Sites\WebSite1\blogYii\protected\views\post\index.php(8): CBaseController->widget('zii.widgets.CLi...', Array)
#15 C:\FrameWorks\yii\framework\web\CBaseController.php(126): require('C:\\Users\\edytor...')
#16 C:\FrameWorks\yii\framework\web\CBaseController.php(95): CBaseController->renderInternal('C:\\Users\\edytor...', Array, true)
#17 C:\FrameWorks\yii\framework\web\CController.php(872): CBaseController->renderFile('C:\\Users\\edytor...', Array, true)
#18 C:\FrameWorks\yii\framework\web\CController.php(785): CController->renderPartial('index', Array, true)
#19 C:\Users\edytor\Documents\My Web Sites\WebSite1\blogYii\protected\controllers\PostController.php(135): CController->render('index', Array)
#20 C:\FrameWorks\yii\framework\web\actions\CInlineAction.php(49): PostController->actionIndex()
#21 C:\FrameWorks\yii\framework\web\CController.php(308): CInlineAction->runWithParams(Array)
#22 C:\FrameWorks\yii\framework\web\filters\CFilterChain.php(134): CController->runAction(Object(CInlineAction))
#23 C:\FrameWorks\yii\framework\web\filters\CFilter.php(40): CFilterChain->run()
#24 C:\FrameWorks\yii\framework\web\CController.php(1148): CFilter->filter(Object(CFilterChain))
#25 C:\FrameWorks\yii\framework\web\filters\CInlineFilter.php(58): CController->filterAccessControl(Object(CFilterChain))
#26 C:\FrameWorks\yii\framework\web\filters\CFilterChain.php(131): CInlineFilter->filter(Object(CFilterChain))
#27 C:\FrameWorks\yii\framework\web\CController.php(291): CFilterChain->run()
#28 C:\FrameWorks\yii\framework\web\CController.php(265): CController->runActionWithFilters(Object(CInlineAction), Array)
#29 C:\FrameWorks\yii\framework\web\CWebApplication.php(282): CController->run('')
#30 C:\FrameWorks\yii\framework\web\CWebApplication.php(141): CWebApplication->runController('')
#31 C:\FrameWorks\yii\framework\base\CApplication.php(185): CWebApplication->processRequest()
#32 C:\Users\edytor\Documents\My Web Sites\WebSite1\blogYii\index-test.php(15): CApplication->run()
#33 {main}
REQUEST_URI=/index-test.php
---
2018/07/17 21:36:16 [error] [exception.CDbException] CDbException: The table "{{post}}" for active record class "Post" cannot be found in the database. in C:\FrameWorks\yii\framework\db\ar\CActiveRecord.php:2390
Stack trace:
#0 C:\FrameWorks\yii\framework\db\ar\CActiveRecord.php(413): CActiveRecordMetaData->__construct(Object(Post))
#1 C:\FrameWorks\yii\framework\db\ar\CActiveRecord.php(663): CActiveRecord->getMetaData()
#2 C:\FrameWorks\yii\framework\db\ar\CActiveFinder.php(393): CActiveRecord->getTableSchema()
#3 C:\FrameWorks\yii\framework\db\ar\CActiveFinder.php(47): CJoinElement->__construct(Object(CActiveFinder), Object(Post))
#4 C:\FrameWorks\yii\framework\db\ar\CActiveRecord.php(915): CActiveFinder->__construct(Object(Post), 'commentCount')
#5 C:\FrameWorks\yii\framework\db\ar\CActiveRecord.php(1612): CActiveRecord->getActiveFinder('commentCount')
#6 C:\FrameWorks\yii\framework\web\CActiveDataProvider.php(228): CActiveRecord->count(Object(CDbCriteria))
#7 C:\FrameWorks\yii\framework\web\CDataProvider.php(224): CActiveDataProvider->calculateTotalItemCount()
#8 C:\FrameWorks\yii\framework\web\CActiveDataProvider.php(178): CDataProvider->getTotalItemCount()
#9 C:\FrameWorks\yii\framework\web\CDataProvider.php(168): CActiveDataProvider->fetchData()
#10 C:\FrameWorks\yii\framework\zii\widgets\CBaseListView.php(125): CDataProvider->getData()
#11 C:\FrameWorks\yii\framework\zii\widgets\CListView.php(211): CBaseListView->init()
#12 C:\FrameWorks\yii\framework\web\CBaseController.php(147): CListView->init()
#13 C:\FrameWorks\yii\framework\web\CBaseController.php(181): CBaseController->createWidget('zii.widgets.CLi...', Array)
#14 C:\Users\edytor\Documents\My Web Sites\WebSite1\blogYii\protected\views\post\index.php(8): CBaseController->widget('zii.widgets.CLi...', Array)
#15 C:\FrameWorks\yii\framework\web\CBaseController.php(126): require('C:\\Users\\edytor...')
#16 C:\FrameWorks\yii\framework\web\CBaseController.php(95): CBaseController->renderInternal('C:\\Users\\edytor...', Array, true)
#17 C:\FrameWorks\yii\framework\web\CController.php(872): CBaseController->renderFile('C:\\Users\\edytor...', Array, true)
#18 C:\FrameWorks\yii\framework\web\CController.php(785): CController->renderPartial('index', Array, true)
#19 C:\Users\edytor\Documents\My Web Sites\WebSite1\blogYii\protected\controllers\PostController.php(135): CController->render('index', Array)
#20 C:\FrameWorks\yii\framework\web\actions\CInlineAction.php(49): PostController->actionIndex()
#21 C:\FrameWorks\yii\framework\web\CController.php(308): CInlineAction->runWithParams(Array)
#22 C:\FrameWorks\yii\framework\web\filters\CFilterChain.php(134): CController->runAction(Object(CInlineAction))
#23 C:\FrameWorks\yii\framework\web\filters\CFilter.php(40): CFilterChain->run()
#24 C:\FrameWorks\yii\framework\web\CController.php(1148): CFilter->filter(Object(CFilterChain))
#25 C:\FrameWorks\yii\framework\web\filters\CInlineFilter.php(58): CController->filterAccessControl(Object(CFilterChain))
#26 C:\FrameWorks\yii\framework\web\filters\CFilterChain.php(131): CInlineFilter->filter(Object(CFilterChain))
#27 C:\FrameWorks\yii\framework\web\CController.php(291): CFilterChain->run()
#28 C:\FrameWorks\yii\framework\web\CController.php(265): CController->runActionWithFilters(Object(CInlineAction), Array)
#29 C:\FrameWorks\yii\framework\web\CWebApplication.php(282): CController->run('index')
#30 C:\FrameWorks\yii\framework\web\CWebApplication.php(141): CWebApplication->runController('post/index')
#31 C:\FrameWorks\yii\framework\base\CApplication.php(185): CWebApplication->processRequest()
#32 C:\Users\edytor\Documents\My Web Sites\WebSite1\blogYii\index-test.php(15): CApplication->run()
#33 {main}
REQUEST_URI=/index-test.php/post/index
HTTP_REFERER=http://localhost:3000/index-test.php
---
2018/07/17 21:36:20 [error] [exception.CDbException] CDbException: The table "{{demo_post}}" for active record class "DemoPost" cannot be found in the database. in C:\FrameWorks\yii\framework\db\ar\CActiveRecord.php:2390
Stack trace:
#0 C:\FrameWorks\yii\framework\db\ar\CActiveRecord.php(413): CActiveRecordMetaData->__construct(Object(DemoPost))
#1 C:\FrameWorks\yii\framework\db\ar\CActiveRecord.php(663): CActiveRecord->getMetaData()
#2 C:\FrameWorks\yii\framework\db\ar\CActiveFinder.php(393): CActiveRecord->getTableSchema()
#3 C:\FrameWorks\yii\framework\db\ar\CActiveFinder.php(47): CJoinElement->__construct(Object(CActiveFinder), Object(DemoPost))
#4 C:\FrameWorks\yii\framework\db\ar\CActiveRecord.php(915): CActiveFinder->__construct(Object(DemoPost), 'commentCount')
#5 C:\FrameWorks\yii\framework\db\ar\CActiveRecord.php(1612): CActiveRecord->getActiveFinder('commentCount')
#6 C:\FrameWorks\yii\framework\web\CActiveDataProvider.php(228): CActiveRecord->count(Object(CDbCriteria))
#7 C:\FrameWorks\yii\framework\web\CDataProvider.php(224): CActiveDataProvider->calculateTotalItemCount()
#8 C:\FrameWorks\yii\framework\web\CActiveDataProvider.php(178): CDataProvider->getTotalItemCount()
#9 C:\FrameWorks\yii\framework\web\CDataProvider.php(168): CActiveDataProvider->fetchData()
#10 C:\FrameWorks\yii\framework\zii\widgets\CBaseListView.php(125): CDataProvider->getData()
#11 C:\FrameWorks\yii\framework\zii\widgets\CListView.php(211): CBaseListView->init()
#12 C:\FrameWorks\yii\framework\web\CBaseController.php(147): CListView->init()
#13 C:\FrameWorks\yii\framework\web\CBaseController.php(181): CBaseController->createWidget('zii.widgets.CLi...', Array)
#14 C:\Users\edytor\Documents\My Web Sites\WebSite1\blogYii\protected\views\post\index.php(8): CBaseController->widget('zii.widgets.CLi...', Array)
#15 C:\FrameWorks\yii\framework\web\CBaseController.php(126): require('C:\\Users\\edytor...')
#16 C:\FrameWorks\yii\framework\web\CBaseController.php(95): CBaseController->renderInternal('C:\\Users\\edytor...', Array, true)
#17 C:\FrameWorks\yii\framework\web\CController.php(872): CBaseController->renderFile('C:\\Users\\edytor...', Array, true)
#18 C:\FrameWorks\yii\framework\web\CController.php(785): CController->renderPartial('//post/index', Array, true)
#19 C:\Users\edytor\Documents\My Web Sites\WebSite1\blogYii\protected\controllers\DemoPostController.php(137): CController->render('//post/index', Array)
#20 C:\FrameWorks\yii\framework\web\actions\CInlineAction.php(49): DemoPostController->actionIndex()
#21 C:\FrameWorks\yii\framework\web\CController.php(308): CInlineAction->runWithParams(Array)
#22 C:\FrameWorks\yii\framework\web\filters\CFilterChain.php(134): CController->runAction(Object(CInlineAction))
#23 C:\FrameWorks\yii\framework\web\filters\CFilter.php(40): CFilterChain->run()
#24 C:\FrameWorks\yii\framework\web\CController.php(1148): CFilter->filter(Object(CFilterChain))
#25 C:\FrameWorks\yii\framework\web\filters\CInlineFilter.php(58): CController->filterAccessControl(Object(CFilterChain))
#26 C:\FrameWorks\yii\framework\web\filters\CFilterChain.php(131): CInlineFilter->filter(Object(CFilterChain))
#27 C:\FrameWorks\yii\framework\web\CController.php(291): CFilterChain->run()
#28 C:\FrameWorks\yii\framework\web\CController.php(265): CController->runActionWithFilters(Object(CInlineAction), Array)
#29 C:\FrameWorks\yii\framework\web\CWebApplication.php(282): CController->run('index')
#30 C:\FrameWorks\yii\framework\web\CWebApplication.php(141): CWebApplication->runController('demopost/index')
#31 C:\FrameWorks\yii\framework\base\CApplication.php(185): CWebApplication->processRequest()
#32 C:\Users\edytor\Documents\My Web Sites\WebSite1\blogYii\index-test.php(15): CApplication->run()
#33 {main}
REQUEST_URI=/index-test.php/demopost/index
HTTP_REFERER=http://localhost:3000/index-test.php/cakeposts/index
---
2018/07/17 21:36:24 [error] [exception.CDbException] CDbException: The table "{{demo_post}}" for active record class "DemoPost" cannot be found in the database. in C:\FrameWorks\yii\framework\db\ar\CActiveRecord.php:2390
Stack trace:
#0 C:\FrameWorks\yii\framework\db\ar\CActiveRecord.php(413): CActiveRecordMetaData->__construct(Object(DemoPost))
#1 C:\FrameWorks\yii\framework\db\ar\CActiveRecord.php(663): CActiveRecord->getMetaData()
#2 C:\FrameWorks\yii\framework\db\ar\CActiveFinder.php(393): CActiveRecord->getTableSchema()
#3 C:\FrameWorks\yii\framework\db\ar\CActiveFinder.php(47): CJoinElement->__construct(Object(CActiveFinder), Object(DemoPost))
#4 C:\FrameWorks\yii\framework\db\ar\CActiveRecord.php(915): CActiveFinder->__construct(Object(DemoPost), 'commentCount')
#5 C:\FrameWorks\yii\framework\db\ar\CActiveRecord.php(1612): CActiveRecord->getActiveFinder('commentCount')
#6 C:\FrameWorks\yii\framework\web\CActiveDataProvider.php(228): CActiveRecord->count(Object(CDbCriteria))
#7 C:\FrameWorks\yii\framework\web\CDataProvider.php(224): CActiveDataProvider->calculateTotalItemCount()
#8 C:\FrameWorks\yii\framework\web\CActiveDataProvider.php(178): CDataProvider->getTotalItemCount()
#9 C:\FrameWorks\yii\framework\web\CDataProvider.php(168): CActiveDataProvider->fetchData()
#10 C:\FrameWorks\yii\framework\zii\widgets\CBaseListView.php(125): CDataProvider->getData()
#11 C:\FrameWorks\yii\framework\zii\widgets\CListView.php(211): CBaseListView->init()
#12 C:\FrameWorks\yii\framework\web\CBaseController.php(147): CListView->init()
#13 C:\FrameWorks\yii\framework\web\CBaseController.php(181): CBaseController->createWidget('zii.widgets.CLi...', Array)
#14 C:\Users\edytor\Documents\My Web Sites\WebSite1\blogYii\protected\views\post\index.php(8): CBaseController->widget('zii.widgets.CLi...', Array)
#15 C:\FrameWorks\yii\framework\web\CBaseController.php(126): require('C:\\Users\\edytor...')
#16 C:\FrameWorks\yii\framework\web\CBaseController.php(95): CBaseController->renderInternal('C:\\Users\\edytor...', Array, true)
#17 C:\FrameWorks\yii\framework\web\CController.php(872): CBaseController->renderFile('C:\\Users\\edytor...', Array, true)
#18 C:\FrameWorks\yii\framework\web\CController.php(785): CController->renderPartial('//post/index', Array, true)
#19 C:\Users\edytor\Documents\My Web Sites\WebSite1\blogYii\protected\controllers\DemoPostController.php(137): CController->render('//post/index', Array)
#20 C:\FrameWorks\yii\framework\web\actions\CInlineAction.php(49): DemoPostController->actionIndex()
#21 C:\FrameWorks\yii\framework\web\CController.php(308): CInlineAction->runWithParams(Array)
#22 C:\FrameWorks\yii\framework\web\filters\CFilterChain.php(134): CController->runAction(Object(CInlineAction))
#23 C:\FrameWorks\yii\framework\web\filters\CFilter.php(40): CFilterChain->run()
#24 C:\FrameWorks\yii\framework\web\CController.php(1148): CFilter->filter(Object(CFilterChain))
#25 C:\FrameWorks\yii\framework\web\filters\CInlineFilter.php(58): CController->filterAccessControl(Object(CFilterChain))
#26 C:\FrameWorks\yii\framework\web\filters\CFilterChain.php(131): CInlineFilter->filter(Object(CFilterChain))
#27 C:\FrameWorks\yii\framework\web\CController.php(291): CFilterChain->run()
#28 C:\FrameWorks\yii\framework\web\CController.php(265): CController->runActionWithFilters(Object(CInlineAction), Array)
#29 C:\FrameWorks\yii\framework\web\CWebApplication.php(282): CController->run('index')
#30 C:\FrameWorks\yii\framework\web\CWebApplication.php(141): CWebApplication->runController('demopost/index')
#31 C:\FrameWorks\yii\framework\base\CApplication.php(185): CWebApplication->processRequest()
#32 C:\Users\edytor\Documents\My Web Sites\WebSite1\blogYii\index-test.php(15): CApplication->run()
#33 {main}
REQUEST_URI=/index-test.php/demopost/index
HTTP_REFERER=http://localhost:3000/index-test.php/cakeposts/index
---
2018/07/17 21:36:35 [error] [exception.CDbException] CDbException: The table "{{post}}" for active record class "Post" cannot be found in the database. in C:\FrameWorks\yii\framework\db\ar\CActiveRecord.php:2390
Stack trace:
#0 C:\FrameWorks\yii\framework\db\ar\CActiveRecord.php(413): CActiveRecordMetaData->__construct(Object(Post))
#1 C:\FrameWorks\yii\framework\db\ar\CActiveRecord.php(663): CActiveRecord->getMetaData()
#2 C:\FrameWorks\yii\framework\db\ar\CActiveFinder.php(393): CActiveRecord->getTableSchema()
#3 C:\FrameWorks\yii\framework\db\ar\CActiveFinder.php(47): CJoinElement->__construct(Object(CActiveFinder), Object(Post))
#4 C:\FrameWorks\yii\framework\db\ar\CActiveRecord.php(915): CActiveFinder->__construct(Object(Post), 'commentCount')
#5 C:\FrameWorks\yii\framework\db\ar\CActiveRecord.php(1612): CActiveRecord->getActiveFinder('commentCount')
#6 C:\FrameWorks\yii\framework\web\CActiveDataProvider.php(228): CActiveRecord->count(Object(CDbCriteria))
#7 C:\FrameWorks\yii\framework\web\CDataProvider.php(224): CActiveDataProvider->calculateTotalItemCount()
#8 C:\FrameWorks\yii\framework\web\CActiveDataProvider.php(178): CDataProvider->getTotalItemCount()
#9 C:\FrameWorks\yii\framework\web\CDataProvider.php(168): CActiveDataProvider->fetchData()
#10 C:\FrameWorks\yii\framework\zii\widgets\CBaseListView.php(125): CDataProvider->getData()
#11 C:\FrameWorks\yii\framework\zii\widgets\CListView.php(211): CBaseListView->init()
#12 C:\FrameWorks\yii\framework\web\CBaseController.php(147): CListView->init()
#13 C:\FrameWorks\yii\framework\web\CBaseController.php(181): CBaseController->createWidget('zii.widgets.CLi...', Array)
#14 C:\Users\edytor\Documents\My Web Sites\WebSite1\blogYii\protected\views\post\index.php(8): CBaseController->widget('zii.widgets.CLi...', Array)
#15 C:\FrameWorks\yii\framework\web\CBaseController.php(126): require('C:\\Users\\edytor...')
#16 C:\FrameWorks\yii\framework\web\CBaseController.php(95): CBaseController->renderInternal('C:\\Users\\edytor...', Array, true)
#17 C:\FrameWorks\yii\framework\web\CController.php(872): CBaseController->renderFile('C:\\Users\\edytor...', Array, true)
#18 C:\FrameWorks\yii\framework\web\CController.php(785): CController->renderPartial('index', Array, true)
#19 C:\Users\edytor\Documents\My Web Sites\WebSite1\blogYii\protected\controllers\PostController.php(135): CController->render('index', Array)
#20 C:\FrameWorks\yii\framework\web\actions\CInlineAction.php(49): PostController->actionIndex()
#21 C:\FrameWorks\yii\framework\web\CController.php(308): CInlineAction->runWithParams(Array)
#22 C:\FrameWorks\yii\framework\web\filters\CFilterChain.php(134): CController->runAction(Object(CInlineAction))
#23 C:\FrameWorks\yii\framework\web\filters\CFilter.php(40): CFilterChain->run()
#24 C:\FrameWorks\yii\framework\web\CController.php(1148): CFilter->filter(Object(CFilterChain))
#25 C:\FrameWorks\yii\framework\web\filters\CInlineFilter.php(58): CController->filterAccessControl(Object(CFilterChain))
#26 C:\FrameWorks\yii\framework\web\filters\CFilterChain.php(131): CInlineFilter->filter(Object(CFilterChain))
#27 C:\FrameWorks\yii\framework\web\CController.php(291): CFilterChain->run()
#28 C:\FrameWorks\yii\framework\web\CController.php(265): CController->runActionWithFilters(Object(CInlineAction), Array)
#29 C:\FrameWorks\yii\framework\web\CWebApplication.php(282): CController->run('index')
#30 C:\FrameWorks\yii\framework\web\CWebApplication.php(141): CWebApplication->runController('post/index')
#31 C:\FrameWorks\yii\framework\base\CApplication.php(185): CWebApplication->processRequest()
#32 C:\Users\edytor\Documents\My Web Sites\WebSite1\blogYii\index-test.php(15): CApplication->run()
#33 {main}
REQUEST_URI=/index-test.php/post/index
HTTP_REFERER=http://localhost:3000/index-test.php/cakeposts/index
---
2018/07/17 21:38:45 [error] [exception.CDbException] CDbException: The table "{{post}}" for active record class "Post" cannot be found in the database. in C:\FrameWorks\yii\framework\db\ar\CActiveRecord.php:2390
Stack trace:
#0 C:\FrameWorks\yii\framework\db\ar\CActiveRecord.php(413): CActiveRecordMetaData->__construct(Object(Post))
#1 C:\FrameWorks\yii\framework\db\ar\CActiveRecord.php(663): CActiveRecord->getMetaData()
#2 C:\FrameWorks\yii\framework\db\ar\CActiveFinder.php(393): CActiveRecord->getTableSchema()
#3 C:\FrameWorks\yii\framework\db\ar\CActiveFinder.php(47): CJoinElement->__construct(Object(CActiveFinder), Object(Post))
#4 C:\FrameWorks\yii\framework\db\ar\CActiveRecord.php(915): CActiveFinder->__construct(Object(Post), 'commentCount')
#5 C:\FrameWorks\yii\framework\db\ar\CActiveRecord.php(1612): CActiveRecord->getActiveFinder('commentCount')
#6 C:\FrameWorks\yii\framework\web\CActiveDataProvider.php(228): CActiveRecord->count(Object(CDbCriteria))
#7 C:\FrameWorks\yii\framework\web\CDataProvider.php(224): CActiveDataProvider->calculateTotalItemCount()
#8 C:\FrameWorks\yii\framework\web\CActiveDataProvider.php(178): CDataProvider->getTotalItemCount()
#9 C:\FrameWorks\yii\framework\web\CDataProvider.php(168): CActiveDataProvider->fetchData()
#10 C:\FrameWorks\yii\framework\zii\widgets\CBaseListView.php(125): CDataProvider->getData()
#11 C:\FrameWorks\yii\framework\zii\widgets\CListView.php(211): CBaseListView->init()
#12 C:\FrameWorks\yii\framework\web\CBaseController.php(147): CListView->init()
#13 C:\FrameWorks\yii\framework\web\CBaseController.php(181): CBaseController->createWidget('zii.widgets.CLi...', Array)
#14 C:\Users\edytor\Documents\My Web Sites\WebSite1\blogYii\protected\views\post\index.php(8): CBaseController->widget('zii.widgets.CLi...', Array)
#15 C:\FrameWorks\yii\framework\web\CBaseController.php(126): require('C:\\Users\\edytor...')
#16 C:\FrameWorks\yii\framework\web\CBaseController.php(95): CBaseController->renderInternal('C:\\Users\\edytor...', Array, true)
#17 C:\FrameWorks\yii\framework\web\CController.php(872): CBaseController->renderFile('C:\\Users\\edytor...', Array, true)
#18 C:\FrameWorks\yii\framework\web\CController.php(785): CController->renderPartial('index', Array, true)
#19 C:\Users\edytor\Documents\My Web Sites\WebSite1\blogYii\protected\controllers\PostController.php(135): CController->render('index', Array)
#20 C:\FrameWorks\yii\framework\web\actions\CInlineAction.php(49): PostController->actionIndex()
#21 C:\FrameWorks\yii\framework\web\CController.php(308): CInlineAction->runWithParams(Array)
#22 C:\FrameWorks\yii\framework\web\filters\CFilterChain.php(134): CController->runAction(Object(CInlineAction))
#23 C:\FrameWorks\yii\framework\web\filters\CFilter.php(40): CFilterChain->run()
#24 C:\FrameWorks\yii\framework\web\CController.php(1148): CFilter->filter(Object(CFilterChain))
#25 C:\FrameWorks\yii\framework\web\filters\CInlineFilter.php(58): CController->filterAccessControl(Object(CFilterChain))
#26 C:\FrameWorks\yii\framework\web\filters\CFilterChain.php(131): CInlineFilter->filter(Object(CFilterChain))
#27 C:\FrameWorks\yii\framework\web\CController.php(291): CFilterChain->run()
#28 C:\FrameWorks\yii\framework\web\CController.php(265): CController->runActionWithFilters(Object(CInlineAction), Array)
#29 C:\FrameWorks\yii\framework\web\CWebApplication.php(282): CController->run('index')
#30 C:\FrameWorks\yii\framework\web\CWebApplication.php(141): CWebApplication->runController('post/index')
#31 C:\FrameWorks\yii\framework\base\CApplication.php(185): CWebApplication->processRequest()
#32 C:\Users\edytor\Documents\My Web Sites\WebSite1\blogYii\index-test.php(15): CApplication->run()
#33 {main}
REQUEST_URI=/index-test.php/post/index
HTTP_REFERER=http://localhost:3000/index-test.php/cakeposts/index
---
2018/07/17 21:38:49 [error] [exception.CDbException] CDbException: The table "{{demo_post}}" for active record class "DemoPost" cannot be found in the database. in C:\FrameWorks\yii\framework\db\ar\CActiveRecord.php:2390
Stack trace:
#0 C:\FrameWorks\yii\framework\db\ar\CActiveRecord.php(413): CActiveRecordMetaData->__construct(Object(DemoPost))
#1 C:\FrameWorks\yii\framework\db\ar\CActiveRecord.php(663): CActiveRecord->getMetaData()
#2 C:\FrameWorks\yii\framework\db\ar\CActiveFinder.php(393): CActiveRecord->getTableSchema()
#3 C:\FrameWorks\yii\framework\db\ar\CActiveFinder.php(47): CJoinElement->__construct(Object(CActiveFinder), Object(DemoPost))
#4 C:\FrameWorks\yii\framework\db\ar\CActiveRecord.php(915): CActiveFinder->__construct(Object(DemoPost), 'commentCount')
#5 C:\FrameWorks\yii\framework\db\ar\CActiveRecord.php(1612): CActiveRecord->getActiveFinder('commentCount')
#6 C:\FrameWorks\yii\framework\web\CActiveDataProvider.php(228): CActiveRecord->count(Object(CDbCriteria))
#7 C:\FrameWorks\yii\framework\web\CDataProvider.php(224): CActiveDataProvider->calculateTotalItemCount()
#8 C:\FrameWorks\yii\framework\web\CActiveDataProvider.php(178): CDataProvider->getTotalItemCount()
#9 C:\FrameWorks\yii\framework\web\CDataProvider.php(168): CActiveDataProvider->fetchData()
#10 C:\FrameWorks\yii\framework\zii\widgets\CBaseListView.php(125): CDataProvider->getData()
#11 C:\FrameWorks\yii\framework\zii\widgets\CListView.php(211): CBaseListView->init()
#12 C:\FrameWorks\yii\framework\web\CBaseController.php(147): CListView->init()
#13 C:\FrameWorks\yii\framework\web\CBaseController.php(181): CBaseController->createWidget('zii.widgets.CLi...', Array)
#14 C:\Users\edytor\Documents\My Web Sites\WebSite1\blogYii\protected\views\post\index.php(8): CBaseController->widget('zii.widgets.CLi...', Array)
#15 C:\FrameWorks\yii\framework\web\CBaseController.php(126): require('C:\\Users\\edytor...')
#16 C:\FrameWorks\yii\framework\web\CBaseController.php(95): CBaseController->renderInternal('C:\\Users\\edytor...', Array, true)
#17 C:\FrameWorks\yii\framework\web\CController.php(872): CBaseController->renderFile('C:\\Users\\edytor...', Array, true)
#18 C:\FrameWorks\yii\framework\web\CController.php(785): CController->renderPartial('//post/index', Array, true)
#19 C:\Users\edytor\Documents\My Web Sites\WebSite1\blogYii\protected\controllers\DemoPostController.php(137): CController->render('//post/index', Array)
#20 C:\FrameWorks\yii\framework\web\actions\CInlineAction.php(49): DemoPostController->actionIndex()
#21 C:\FrameWorks\yii\framework\web\CController.php(308): CInlineAction->runWithParams(Array)
#22 C:\FrameWorks\yii\framework\web\filters\CFilterChain.php(134): CController->runAction(Object(CInlineAction))
#23 C:\FrameWorks\yii\framework\web\filters\CFilter.php(40): CFilterChain->run()
#24 C:\FrameWorks\yii\framework\web\CController.php(1148): CFilter->filter(Object(CFilterChain))
#25 C:\FrameWorks\yii\framework\web\filters\CInlineFilter.php(58): CController->filterAccessControl(Object(CFilterChain))
#26 C:\FrameWorks\yii\framework\web\filters\CFilterChain.php(131): CInlineFilter->filter(Object(CFilterChain))
#27 C:\FrameWorks\yii\framework\web\CController.php(291): CFilterChain->run()
#28 C:\FrameWorks\yii\framework\web\CController.php(265): CController->runActionWithFilters(Object(CInlineAction), Array)
#29 C:\FrameWorks\yii\framework\web\CWebApplication.php(282): CController->run('index')
#30 C:\FrameWorks\yii\framework\web\CWebApplication.php(141): CWebApplication->runController('demopost/index')
#31 C:\FrameWorks\yii\framework\base\CApplication.php(185): CWebApplication->processRequest()
#32 C:\Users\edytor\Documents\My Web Sites\WebSite1\blogYii\index-test.php(15): CApplication->run()
#33 {main}
REQUEST_URI=/index-test.php/demopost/index
HTTP_REFERER=http://localhost:3000/index-test.php/cakeposts/index
---
2018/07/17 21:38:59 [error] [exception.CDbException] CDbException: The table "{{post}}" for active record class "Post" cannot be found in the database. in C:\FrameWorks\yii\framework\db\ar\CActiveRecord.php:2390
Stack trace:
#0 C:\FrameWorks\yii\framework\db\ar\CActiveRecord.php(413): CActiveRecordMetaData->__construct(Object(Post))
#1 C:\FrameWorks\yii\framework\db\ar\CActiveRecord.php(663): CActiveRecord->getMetaData()
#2 C:\FrameWorks\yii\framework\db\ar\CActiveFinder.php(393): CActiveRecord->getTableSchema()
#3 C:\FrameWorks\yii\framework\db\ar\CActiveFinder.php(47): CJoinElement->__construct(Object(CActiveFinder), Object(Post))
#4 C:\FrameWorks\yii\framework\db\ar\CActiveRecord.php(915): CActiveFinder->__construct(Object(Post), 'commentCount')
#5 C:\FrameWorks\yii\framework\db\ar\CActiveRecord.php(1612): CActiveRecord->getActiveFinder('commentCount')
#6 C:\FrameWorks\yii\framework\web\CActiveDataProvider.php(228): CActiveRecord->count(Object(CDbCriteria))
#7 C:\FrameWorks\yii\framework\web\CDataProvider.php(224): CActiveDataProvider->calculateTotalItemCount()
#8 C:\FrameWorks\yii\framework\web\CActiveDataProvider.php(178): CDataProvider->getTotalItemCount()
#9 C:\FrameWorks\yii\framework\web\CDataProvider.php(168): CActiveDataProvider->fetchData()
#10 C:\FrameWorks\yii\framework\zii\widgets\CBaseListView.php(125): CDataProvider->getData()
#11 C:\FrameWorks\yii\framework\zii\widgets\CListView.php(211): CBaseListView->init()
#12 C:\FrameWorks\yii\framework\web\CBaseController.php(147): CListView->init()
#13 C:\FrameWorks\yii\framework\web\CBaseController.php(181): CBaseController->createWidget('zii.widgets.CLi...', Array)
#14 C:\Users\edytor\Documents\My Web Sites\WebSite1\blogYii\protected\views\post\index.php(8): CBaseController->widget('zii.widgets.CLi...', Array)
#15 C:\FrameWorks\yii\framework\web\CBaseController.php(126): require('C:\\Users\\edytor...')
#16 C:\FrameWorks\yii\framework\web\CBaseController.php(95): CBaseController->renderInternal('C:\\Users\\edytor...', Array, true)
#17 C:\FrameWorks\yii\framework\web\CController.php(872): CBaseController->renderFile('C:\\Users\\edytor...', Array, true)
#18 C:\FrameWorks\yii\framework\web\CController.php(785): CController->renderPartial('index', Array, true)
#19 C:\Users\edytor\Documents\My Web Sites\WebSite1\blogYii\protected\controllers\PostController.php(135): CController->render('index', Array)
#20 C:\FrameWorks\yii\framework\web\actions\CInlineAction.php(49): PostController->actionIndex()
#21 C:\FrameWorks\yii\framework\web\CController.php(308): CInlineAction->runWithParams(Array)
#22 C:\FrameWorks\yii\framework\web\filters\CFilterChain.php(134): CController->runAction(Object(CInlineAction))
#23 C:\FrameWorks\yii\framework\web\filters\CFilter.php(40): CFilterChain->run()
#24 C:\FrameWorks\yii\framework\web\CController.php(1148): CFilter->filter(Object(CFilterChain))
#25 C:\FrameWorks\yii\framework\web\filters\CInlineFilter.php(58): CController->filterAccessControl(Object(CFilterChain))
#26 C:\FrameWorks\yii\framework\web\filters\CFilterChain.php(131): CInlineFilter->filter(Object(CFilterChain))
#27 C:\FrameWorks\yii\framework\web\CController.php(291): CFilterChain->run()
#28 C:\FrameWorks\yii\framework\web\CController.php(265): CController->runActionWithFilters(Object(CInlineAction), Array)
#29 C:\FrameWorks\yii\framework\web\CWebApplication.php(282): CController->run('index')
#30 C:\FrameWorks\yii\framework\web\CWebApplication.php(141): CWebApplication->runController('post/index')
#31 C:\FrameWorks\yii\framework\base\CApplication.php(185): CWebApplication->processRequest()
#32 C:\Users\edytor\Documents\My Web Sites\WebSite1\blogYii\index-test.php(15): CApplication->run()
#33 {main}
REQUEST_URI=/index-test.php/post/index
HTTP_REFERER=http://localhost:3000/index-test.php/site/login
---
2018/07/17 21:39:33 [error] [exception.CDbException] CDbException: The table "{{post}}" for active record class "Post" cannot be found in the database. in C:\FrameWorks\yii\framework\db\ar\CActiveRecord.php:2390
Stack trace:
#0 C:\FrameWorks\yii\framework\db\ar\CActiveRecord.php(413): CActiveRecordMetaData->__construct(Object(Post))
#1 C:\FrameWorks\yii\framework\db\ar\CActiveRecord.php(663): CActiveRecord->getMetaData()
#2 C:\FrameWorks\yii\framework\db\ar\CActiveFinder.php(393): CActiveRecord->getTableSchema()
#3 C:\FrameWorks\yii\framework\db\ar\CActiveFinder.php(47): CJoinElement->__construct(Object(CActiveFinder), Object(Post))
#4 C:\FrameWorks\yii\framework\db\ar\CActiveRecord.php(915): CActiveFinder->__construct(Object(Post), 'commentCount')
#5 C:\FrameWorks\yii\framework\db\ar\CActiveRecord.php(1612): CActiveRecord->getActiveFinder('commentCount')
#6 C:\FrameWorks\yii\framework\web\CActiveDataProvider.php(228): CActiveRecord->count(Object(CDbCriteria))
#7 C:\FrameWorks\yii\framework\web\CDataProvider.php(224): CActiveDataProvider->calculateTotalItemCount()
#8 C:\FrameWorks\yii\framework\web\CActiveDataProvider.php(178): CDataProvider->getTotalItemCount()
#9 C:\FrameWorks\yii\framework\web\CDataProvider.php(168): CActiveDataProvider->fetchData()
#10 C:\FrameWorks\yii\framework\zii\widgets\CBaseListView.php(125): CDataProvider->getData()
#11 C:\FrameWorks\yii\framework\zii\widgets\CListView.php(211): CBaseListView->init()
#12 C:\FrameWorks\yii\framework\web\CBaseController.php(147): CListView->init()
#13 C:\FrameWorks\yii\framework\web\CBaseController.php(181): CBaseController->createWidget('zii.widgets.CLi...', Array)
#14 C:\Users\edytor\Documents\My Web Sites\WebSite1\blogYii\protected\views\post\index.php(8): CBaseController->widget('zii.widgets.CLi...', Array)
#15 C:\FrameWorks\yii\framework\web\CBaseController.php(126): require('C:\\Users\\edytor...')
#16 C:\FrameWorks\yii\framework\web\CBaseController.php(95): CBaseController->renderInternal('C:\\Users\\edytor...', Array, true)
#17 C:\FrameWorks\yii\framework\web\CController.php(872): CBaseController->renderFile('C:\\Users\\edytor...', Array, true)
#18 C:\FrameWorks\yii\framework\web\CController.php(785): CController->renderPartial('index', Array, true)
#19 C:\Users\edytor\Documents\My Web Sites\WebSite1\blogYii\protected\controllers\PostController.php(135): CController->render('index', Array)
#20 C:\FrameWorks\yii\framework\web\actions\CInlineAction.php(49): PostController->actionIndex()
#21 C:\FrameWorks\yii\framework\web\CController.php(308): CInlineAction->runWithParams(Array)
#22 C:\FrameWorks\yii\framework\web\filters\CFilterChain.php(134): CController->runAction(Object(CInlineAction))
#23 C:\FrameWorks\yii\framework\web\filters\CFilter.php(40): CFilterChain->run()
#24 C:\FrameWorks\yii\framework\web\CController.php(1148): CFilter->filter(Object(CFilterChain))
#25 C:\FrameWorks\yii\framework\web\filters\CInlineFilter.php(58): CController->filterAccessControl(Object(CFilterChain))
#26 C:\FrameWorks\yii\framework\web\filters\CFilterChain.php(131): CInlineFilter->filter(Object(CFilterChain))
#27 C:\FrameWorks\yii\framework\web\CController.php(291): CFilterChain->run()
#28 C:\FrameWorks\yii\framework\web\CController.php(265): CController->runActionWithFilters(Object(CInlineAction), Array)
#29 C:\FrameWorks\yii\framework\web\CWebApplication.php(282): CController->run('index')
#30 C:\FrameWorks\yii\framework\web\CWebApplication.php(141): CWebApplication->runController('post/index')
#31 C:\FrameWorks\yii\framework\base\CApplication.php(185): CWebApplication->processRequest()
#32 C:\Users\edytor\Documents\My Web Sites\WebSite1\blogYii\index-test.php(15): CApplication->run()
#33 {main}
REQUEST_URI=/index-test.php/post/index
HTTP_REFERER=http://localhost:3000/index-test.php/site/login
---
2018/07/17 21:39:35 [error] [exception.CDbException] CDbException: The table "{{post}}" for active record class "Post" cannot be found in the database. in C:\FrameWorks\yii\framework\db\ar\CActiveRecord.php:2390
Stack trace:
#0 C:\FrameWorks\yii\framework\db\ar\CActiveRecord.php(413): CActiveRecordMetaData->__construct(Object(Post))
#1 C:\FrameWorks\yii\framework\db\ar\CActiveRecord.php(663): CActiveRecord->getMetaData()
#2 C:\FrameWorks\yii\framework\db\ar\CActiveFinder.php(393): CActiveRecord->getTableSchema()
#3 C:\FrameWorks\yii\framework\db\ar\CActiveFinder.php(47): CJoinElement->__construct(Object(CActiveFinder), Object(Post))
#4 C:\FrameWorks\yii\framework\db\ar\CActiveRecord.php(915): CActiveFinder->__construct(Object(Post), 'commentCount')
#5 C:\FrameWorks\yii\framework\db\ar\CActiveRecord.php(1612): CActiveRecord->getActiveFinder('commentCount')
#6 C:\FrameWorks\yii\framework\web\CActiveDataProvider.php(228): CActiveRecord->count(Object(CDbCriteria))
#7 C:\FrameWorks\yii\framework\web\CDataProvider.php(224): CActiveDataProvider->calculateTotalItemCount()
#8 C:\FrameWorks\yii\framework\web\CActiveDataProvider.php(178): CDataProvider->getTotalItemCount()
#9 C:\FrameWorks\yii\framework\web\CDataProvider.php(168): CActiveDataProvider->fetchData()
#10 C:\FrameWorks\yii\framework\zii\widgets\CBaseListView.php(125): CDataProvider->getData()
#11 C:\FrameWorks\yii\framework\zii\widgets\CListView.php(211): CBaseListView->init()
#12 C:\FrameWorks\yii\framework\web\CBaseController.php(147): CListView->init()
#13 C:\FrameWorks\yii\framework\web\CBaseController.php(181): CBaseController->createWidget('zii.widgets.CLi...', Array)
#14 C:\Users\edytor\Documents\My Web Sites\WebSite1\blogYii\protected\views\post\index.php(8): CBaseController->widget('zii.widgets.CLi...', Array)
#15 C:\FrameWorks\yii\framework\web\CBaseController.php(126): require('C:\\Users\\edytor...')
#16 C:\FrameWorks\yii\framework\web\CBaseController.php(95): CBaseController->renderInternal('C:\\Users\\edytor...', Array, true)
#17 C:\FrameWorks\yii\framework\web\CController.php(872): CBaseController->renderFile('C:\\Users\\edytor...', Array, true)
#18 C:\FrameWorks\yii\framework\web\CController.php(785): CController->renderPartial('index', Array, true)
#19 C:\Users\edytor\Documents\My Web Sites\WebSite1\blogYii\protected\controllers\PostController.php(135): CController->render('index', Array)
#20 C:\FrameWorks\yii\framework\web\actions\CInlineAction.php(49): PostController->actionIndex()
#21 C:\FrameWorks\yii\framework\web\CController.php(308): CInlineAction->runWithParams(Array)
#22 C:\FrameWorks\yii\framework\web\filters\CFilterChain.php(134): CController->runAction(Object(CInlineAction))
#23 C:\FrameWorks\yii\framework\web\filters\CFilter.php(40): CFilterChain->run()
#24 C:\FrameWorks\yii\framework\web\CController.php(1148): CFilter->filter(Object(CFilterChain))
#25 C:\FrameWorks\yii\framework\web\filters\CInlineFilter.php(58): CController->filterAccessControl(Object(CFilterChain))
#26 C:\FrameWorks\yii\framework\web\filters\CFilterChain.php(131): CInlineFilter->filter(Object(CFilterChain))
#27 C:\FrameWorks\yii\framework\web\CController.php(291): CFilterChain->run()
#28 C:\FrameWorks\yii\framework\web\CController.php(265): CController->runActionWithFilters(Object(CInlineAction), Array)
#29 C:\FrameWorks\yii\framework\web\CWebApplication.php(282): CController->run('index')
#30 C:\FrameWorks\yii\framework\web\CWebApplication.php(141): CWebApplication->runController('post/index')
#31 C:\FrameWorks\yii\framework\base\CApplication.php(185): CWebApplication->processRequest()
#32 C:\Users\edytor\Documents\My Web Sites\WebSite1\blogYii\index-test.php(15): CApplication->run()
#33 {main}
REQUEST_URI=/index-test.php/post/index
HTTP_REFERER=http://localhost:3000/index-test.php/site/login
---
2018/07/17 21:39:36 [error] [exception.CDbException] CDbException: The table "{{post}}" for active record class "Post" cannot be found in the database. in C:\FrameWorks\yii\framework\db\ar\CActiveRecord.php:2390
Stack trace:
#0 C:\FrameWorks\yii\framework\db\ar\CActiveRecord.php(413): CActiveRecordMetaData->__construct(Object(Post))
#1 C:\FrameWorks\yii\framework\db\ar\CActiveRecord.php(663): CActiveRecord->getMetaData()
#2 C:\FrameWorks\yii\framework\db\ar\CActiveFinder.php(393): CActiveRecord->getTableSchema()
#3 C:\FrameWorks\yii\framework\db\ar\CActiveFinder.php(47): CJoinElement->__construct(Object(CActiveFinder), Object(Post))
#4 C:\FrameWorks\yii\framework\db\ar\CActiveRecord.php(915): CActiveFinder->__construct(Object(Post), 'commentCount')
#5 C:\FrameWorks\yii\framework\db\ar\CActiveRecord.php(1612): CActiveRecord->getActiveFinder('commentCount')
#6 C:\FrameWorks\yii\framework\web\CActiveDataProvider.php(228): CActiveRecord->count(Object(CDbCriteria))
#7 C:\FrameWorks\yii\framework\web\CDataProvider.php(224): CActiveDataProvider->calculateTotalItemCount()
#8 C:\FrameWorks\yii\framework\web\CActiveDataProvider.php(178): CDataProvider->getTotalItemCount()
#9 C:\FrameWorks\yii\framework\web\CDataProvider.php(168): CActiveDataProvider->fetchData()
#10 C:\FrameWorks\yii\framework\zii\widgets\CBaseListView.php(125): CDataProvider->getData()
#11 C:\FrameWorks\yii\framework\zii\widgets\CListView.php(211): CBaseListView->init()
#12 C:\FrameWorks\yii\framework\web\CBaseController.php(147): CListView->init()
#13 C:\FrameWorks\yii\framework\web\CBaseController.php(181): CBaseController->createWidget('zii.widgets.CLi...', Array)
#14 C:\Users\edytor\Documents\My Web Sites\WebSite1\blogYii\protected\views\post\index.php(8): CBaseController->widget('zii.widgets.CLi...', Array)
#15 C:\FrameWorks\yii\framework\web\CBaseController.php(126): require('C:\\Users\\edytor...')
#16 C:\FrameWorks\yii\framework\web\CBaseController.php(95): CBaseController->renderInternal('C:\\Users\\edytor...', Array, true)
#17 C:\FrameWorks\yii\framework\web\CController.php(872): CBaseController->renderFile('C:\\Users\\edytor...', Array, true)
#18 C:\FrameWorks\yii\framework\web\CController.php(785): CController->renderPartial('index', Array, true)
#19 C:\Users\edytor\Documents\My Web Sites\WebSite1\blogYii\protected\controllers\PostController.php(135): CController->render('index', Array)
#20 C:\FrameWorks\yii\framework\web\actions\CInlineAction.php(49): PostController->actionIndex()
#21 C:\FrameWorks\yii\framework\web\CController.php(308): CInlineAction->runWithParams(Array)
#22 C:\FrameWorks\yii\framework\web\filters\CFilterChain.php(134): CController->runAction(Object(CInlineAction))
#23 C:\FrameWorks\yii\framework\web\filters\CFilter.php(40): CFilterChain->run()
#24 C:\FrameWorks\yii\framework\web\CController.php(1148): CFilter->filter(Object(CFilterChain))
#25 C:\FrameWorks\yii\framework\web\filters\CInlineFilter.php(58): CController->filterAccessControl(Object(CFilterChain))
#26 C:\FrameWorks\yii\framework\web\filters\CFilterChain.php(131): CInlineFilter->filter(Object(CFilterChain))
#27 C:\FrameWorks\yii\framework\web\CController.php(291): CFilterChain->run()
#28 C:\FrameWorks\yii\framework\web\CController.php(265): CController->runActionWithFilters(Object(CInlineAction), Array)
#29 C:\FrameWorks\yii\framework\web\CWebApplication.php(282): CController->run('index')
#30 C:\FrameWorks\yii\framework\web\CWebApplication.php(141): CWebApplication->runController('post/index')
#31 C:\FrameWorks\yii\framework\base\CApplication.php(185): CWebApplication->processRequest()
#32 C:\Users\edytor\Documents\My Web Sites\WebSite1\blogYii\index-test.php(15): CApplication->run()
#33 {main}
REQUEST_URI=/index-test.php/post/index
HTTP_REFERER=http://localhost:3000/index-test.php/post/index
---
2018/07/17 21:39:39 [error] [exception.CDbException] CDbException: The table "{{post}}" for active record class "Post" cannot be found in the database. in C:\FrameWorks\yii\framework\db\ar\CActiveRecord.php:2390
Stack trace:
#0 C:\FrameWorks\yii\framework\db\ar\CActiveRecord.php(413): CActiveRecordMetaData->__construct(Object(Post))
#1 C:\FrameWorks\yii\framework\db\ar\CActiveRecord.php(663): CActiveRecord->getMetaData()
#2 C:\FrameWorks\yii\framework\db\ar\CActiveFinder.php(393): CActiveRecord->getTableSchema()
#3 C:\FrameWorks\yii\framework\db\ar\CActiveFinder.php(47): CJoinElement->__construct(Object(CActiveFinder), Object(Post))
#4 C:\FrameWorks\yii\framework\db\ar\CActiveRecord.php(915): CActiveFinder->__construct(Object(Post), 'commentCount')
#5 C:\FrameWorks\yii\framework\db\ar\CActiveRecord.php(1612): CActiveRecord->getActiveFinder('commentCount')
#6 C:\FrameWorks\yii\framework\web\CActiveDataProvider.php(228): CActiveRecord->count(Object(CDbCriteria))
#7 C:\FrameWorks\yii\framework\web\CDataProvider.php(224): CActiveDataProvider->calculateTotalItemCount()
#8 C:\FrameWorks\yii\framework\web\CActiveDataProvider.php(178): CDataProvider->getTotalItemCount()
#9 C:\FrameWorks\yii\framework\web\CDataProvider.php(168): CActiveDataProvider->fetchData()
#10 C:\FrameWorks\yii\framework\zii\widgets\CBaseListView.php(125): CDataProvider->getData()
#11 C:\FrameWorks\yii\framework\zii\widgets\CListView.php(211): CBaseListView->init()
#12 C:\FrameWorks\yii\framework\web\CBaseController.php(147): CListView->init()
#13 C:\FrameWorks\yii\framework\web\CBaseController.php(181): CBaseController->createWidget('zii.widgets.CLi...', Array)
#14 C:\Users\edytor\Documents\My Web Sites\WebSite1\blogYii\protected\views\post\index.php(8): CBaseController->widget('zii.widgets.CLi...', Array)
#15 C:\FrameWorks\yii\framework\web\CBaseController.php(126): require('C:\\Users\\edytor...')
#16 C:\FrameWorks\yii\framework\web\CBaseController.php(95): CBaseController->renderInternal('C:\\Users\\edytor...', Array, true)
#17 C:\FrameWorks\yii\framework\web\CController.php(872): CBaseController->renderFile('C:\\Users\\edytor...', Array, true)
#18 C:\FrameWorks\yii\framework\web\CController.php(785): CController->renderPartial('index', Array, true)
#19 C:\Users\edytor\Documents\My Web Sites\WebSite1\blogYii\protected\controllers\PostController.php(135): CController->render('index', Array)
#20 C:\FrameWorks\yii\framework\web\actions\CInlineAction.php(49): PostController->actionIndex()
#21 C:\FrameWorks\yii\framework\web\CController.php(308): CInlineAction->runWithParams(Array)
#22 C:\FrameWorks\yii\framework\web\filters\CFilterChain.php(134): CController->runAction(Object(CInlineAction))
#23 C:\FrameWorks\yii\framework\web\filters\CFilter.php(40): CFilterChain->run()
#24 C:\FrameWorks\yii\framework\web\CController.php(1148): CFilter->filter(Object(CFilterChain))
#25 C:\FrameWorks\yii\framework\web\filters\CInlineFilter.php(58): CController->filterAccessControl(Object(CFilterChain))
#26 C:\FrameWorks\yii\framework\web\filters\CFilterChain.php(131): CInlineFilter->filter(Object(CFilterChain))
#27 C:\FrameWorks\yii\framework\web\CController.php(291): CFilterChain->run()
#28 C:\FrameWorks\yii\framework\web\CController.php(265): CController->runActionWithFilters(Object(CInlineAction), Array)
#29 C:\FrameWorks\yii\framework\web\CWebApplication.php(282): CController->run('index')
#30 C:\FrameWorks\yii\framework\web\CWebApplication.php(141): CWebApplication->runController('post/index')
#31 C:\FrameWorks\yii\framework\base\CApplication.php(185): CWebApplication->processRequest()
#32 C:\Users\edytor\Documents\My Web Sites\WebSite1\blogYii\index-test.php(15): CApplication->run()
#33 {main}
REQUEST_URI=/index-test.php/post/index
HTTP_REFERER=http://localhost:3000/index-test.php/cakeposts/index
---
2018/07/17 21:40:30 [error] [exception.CDbException] CDbException: The table "{{post}}" for active record class "Post" cannot be found in the database. in C:\FrameWorks\yii\framework\db\ar\CActiveRecord.php:2390
Stack trace:
#0 C:\FrameWorks\yii\framework\db\ar\CActiveRecord.php(413): CActiveRecordMetaData->__construct(Object(Post))
#1 C:\FrameWorks\yii\framework\db\ar\CActiveRecord.php(663): CActiveRecord->getMetaData()
#2 C:\FrameWorks\yii\framework\db\ar\CActiveFinder.php(393): CActiveRecord->getTableSchema()
#3 C:\FrameWorks\yii\framework\db\ar\CActiveFinder.php(47): CJoinElement->__construct(Object(CActiveFinder), Object(Post))
#4 C:\FrameWorks\yii\framework\db\ar\CActiveRecord.php(915): CActiveFinder->__construct(Object(Post), 'commentCount')
#5 C:\FrameWorks\yii\framework\db\ar\CActiveRecord.php(1612): CActiveRecord->getActiveFinder('commentCount')
#6 C:\FrameWorks\yii\framework\web\CActiveDataProvider.php(228): CActiveRecord->count(Object(CDbCriteria))
#7 C:\FrameWorks\yii\framework\web\CDataProvider.php(224): CActiveDataProvider->calculateTotalItemCount()
#8 C:\FrameWorks\yii\framework\web\CActiveDataProvider.php(178): CDataProvider->getTotalItemCount()
#9 C:\FrameWorks\yii\framework\web\CDataProvider.php(168): CActiveDataProvider->fetchData()
#10 C:\FrameWorks\yii\framework\zii\widgets\CBaseListView.php(125): CDataProvider->getData()
#11 C:\FrameWorks\yii\framework\zii\widgets\CListView.php(211): CBaseListView->init()
#12 C:\FrameWorks\yii\framework\web\CBaseController.php(147): CListView->init()
#13 C:\FrameWorks\yii\framework\web\CBaseController.php(181): CBaseController->createWidget('zii.widgets.CLi...', Array)
#14 C:\Users\edytor\Documents\My Web Sites\WebSite1\blogYii\protected\views\post\index.php(8): CBaseController->widget('zii.widgets.CLi...', Array)
#15 C:\FrameWorks\yii\framework\web\CBaseController.php(126): require('C:\\Users\\edytor...')
#16 C:\FrameWorks\yii\framework\web\CBaseController.php(95): CBaseController->renderInternal('C:\\Users\\edytor...', Array, true)
#17 C:\FrameWorks\yii\framework\web\CController.php(872): CBaseController->renderFile('C:\\Users\\edytor...', Array, true)
#18 C:\FrameWorks\yii\framework\web\CController.php(785): CController->renderPartial('index', Array, true)
#19 C:\Users\edytor\Documents\My Web Sites\WebSite1\blogYii\protected\controllers\PostController.php(135): CController->render('index', Array)
#20 C:\FrameWorks\yii\framework\web\actions\CInlineAction.php(49): PostController->actionIndex()
#21 C:\FrameWorks\yii\framework\web\CController.php(308): CInlineAction->runWithParams(Array)
#22 C:\FrameWorks\yii\framework\web\filters\CFilterChain.php(134): CController->runAction(Object(CInlineAction))
#23 C:\FrameWorks\yii\framework\web\filters\CFilter.php(40): CFilterChain->run()
#24 C:\FrameWorks\yii\framework\web\CController.php(1148): CFilter->filter(Object(CFilterChain))
#25 C:\FrameWorks\yii\framework\web\filters\CInlineFilter.php(58): CController->filterAccessControl(Object(CFilterChain))
#26 C:\FrameWorks\yii\framework\web\filters\CFilterChain.php(131): CInlineFilter->filter(Object(CFilterChain))
#27 C:\FrameWorks\yii\framework\web\CController.php(291): CFilterChain->run()
#28 C:\FrameWorks\yii\framework\web\CController.php(265): CController->runActionWithFilters(Object(CInlineAction), Array)
#29 C:\FrameWorks\yii\framework\web\CWebApplication.php(282): CController->run('index')
#30 C:\FrameWorks\yii\framework\web\CWebApplication.php(141): CWebApplication->runController('post/index')
#31 C:\FrameWorks\yii\framework\base\CApplication.php(185): CWebApplication->processRequest()
#32 C:\Users\edytor\Documents\My Web Sites\WebSite1\blogYii\index-test.php(15): CApplication->run()
#33 {main}
REQUEST_URI=/index-test.php/post/index
HTTP_REFERER=http://localhost:3000/index-test.php/cakeposts/index
---
2018/07/17 21:40:31 [error] [exception.CDbException] CDbException: The table "{{demo_post}}" for active record class "DemoPost" cannot be found in the database. in C:\FrameWorks\yii\framework\db\ar\CActiveRecord.php:2390
Stack trace:
#0 C:\FrameWorks\yii\framework\db\ar\CActiveRecord.php(413): CActiveRecordMetaData->__construct(Object(DemoPost))
#1 C:\FrameWorks\yii\framework\db\ar\CActiveRecord.php(663): CActiveRecord->getMetaData()
#2 C:\FrameWorks\yii\framework\db\ar\CActiveFinder.php(393): CActiveRecord->getTableSchema()
#3 C:\FrameWorks\yii\framework\db\ar\CActiveFinder.php(47): CJoinElement->__construct(Object(CActiveFinder), Object(DemoPost))
#4 C:\FrameWorks\yii\framework\db\ar\CActiveRecord.php(915): CActiveFinder->__construct(Object(DemoPost), 'commentCount')
#5 C:\FrameWorks\yii\framework\db\ar\CActiveRecord.php(1612): CActiveRecord->getActiveFinder('commentCount')
#6 C:\FrameWorks\yii\framework\web\CActiveDataProvider.php(228): CActiveRecord->count(Object(CDbCriteria))
#7 C:\FrameWorks\yii\framework\web\CDataProvider.php(224): CActiveDataProvider->calculateTotalItemCount()
#8 C:\FrameWorks\yii\framework\web\CActiveDataProvider.php(178): CDataProvider->getTotalItemCount()
#9 C:\FrameWorks\yii\framework\web\CDataProvider.php(168): CActiveDataProvider->fetchData()
#10 C:\FrameWorks\yii\framework\zii\widgets\CBaseListView.php(125): CDataProvider->getData()
#11 C:\FrameWorks\yii\framework\zii\widgets\CListView.php(211): CBaseListView->init()
#12 C:\FrameWorks\yii\framework\web\CBaseController.php(147): CListView->init()
#13 C:\FrameWorks\yii\framework\web\CBaseController.php(181): CBaseController->createWidget('zii.widgets.CLi...', Array)
#14 C:\Users\edytor\Documents\My Web Sites\WebSite1\blogYii\protected\views\post\index.php(8): CBaseController->widget('zii.widgets.CLi...', Array)
#15 C:\FrameWorks\yii\framework\web\CBaseController.php(126): require('C:\\Users\\edytor...')
#16 C:\FrameWorks\yii\framework\web\CBaseController.php(95): CBaseController->renderInternal('C:\\Users\\edytor...', Array, true)
#17 C:\FrameWorks\yii\framework\web\CController.php(872): CBaseController->renderFile('C:\\Users\\edytor...', Array, true)
#18 C:\FrameWorks\yii\framework\web\CController.php(785): CController->renderPartial('//post/index', Array, true)
#19 C:\Users\edytor\Documents\My Web Sites\WebSite1\blogYii\protected\controllers\DemoPostController.php(137): CController->render('//post/index', Array)
#20 C:\FrameWorks\yii\framework\web\actions\CInlineAction.php(49): DemoPostController->actionIndex()
#21 C:\FrameWorks\yii\framework\web\CController.php(308): CInlineAction->runWithParams(Array)
#22 C:\FrameWorks\yii\framework\web\filters\CFilterChain.php(134): CController->runAction(Object(CInlineAction))
#23 C:\FrameWorks\yii\framework\web\filters\CFilter.php(40): CFilterChain->run()
#24 C:\FrameWorks\yii\framework\web\CController.php(1148): CFilter->filter(Object(CFilterChain))
#25 C:\FrameWorks\yii\framework\web\filters\CInlineFilter.php(58): CController->filterAccessControl(Object(CFilterChain))
#26 C:\FrameWorks\yii\framework\web\filters\CFilterChain.php(131): CInlineFilter->filter(Object(CFilterChain))
#27 C:\FrameWorks\yii\framework\web\CController.php(291): CFilterChain->run()
#28 C:\FrameWorks\yii\framework\web\CController.php(265): CController->runActionWithFilters(Object(CInlineAction), Array)
#29 C:\FrameWorks\yii\framework\web\CWebApplication.php(282): CController->run('index')
#30 C:\FrameWorks\yii\framework\web\CWebApplication.php(141): CWebApplication->runController('demopost/index')
#31 C:\FrameWorks\yii\framework\base\CApplication.php(185): CWebApplication->processRequest()
#32 C:\Users\edytor\Documents\My Web Sites\WebSite1\blogYii\index-test.php(15): CApplication->run()
#33 {main}
REQUEST_URI=/index-test.php/demopost/index
HTTP_REFERER=http://localhost:3000/index-test.php/post/index
---
2018/07/17 21:40:37 [error] [exception.CDbException] CDbException: The table "{{post}}" for active record class "Post" cannot be found in the database. in C:\FrameWorks\yii\framework\db\ar\CActiveRecord.php:2390
Stack trace:
#0 C:\FrameWorks\yii\framework\db\ar\CActiveRecord.php(413): CActiveRecordMetaData->__construct(Object(Post))
#1 C:\FrameWorks\yii\framework\db\ar\CActiveRecord.php(663): CActiveRecord->getMetaData()
#2 C:\FrameWorks\yii\framework\db\ar\CActiveFinder.php(393): CActiveRecord->getTableSchema()
#3 C:\FrameWorks\yii\framework\db\ar\CActiveFinder.php(47): CJoinElement->__construct(Object(CActiveFinder), Object(Post))
#4 C:\FrameWorks\yii\framework\db\ar\CActiveRecord.php(915): CActiveFinder->__construct(Object(Post), 'commentCount')
#5 C:\FrameWorks\yii\framework\db\ar\CActiveRecord.php(1612): CActiveRecord->getActiveFinder('commentCount')
#6 C:\FrameWorks\yii\framework\web\CActiveDataProvider.php(228): CActiveRecord->count(Object(CDbCriteria))
#7 C:\FrameWorks\yii\framework\web\CDataProvider.php(224): CActiveDataProvider->calculateTotalItemCount()
#8 C:\FrameWorks\yii\framework\web\CActiveDataProvider.php(178): CDataProvider->getTotalItemCount()
#9 C:\FrameWorks\yii\framework\web\CDataProvider.php(168): CActiveDataProvider->fetchData()
#10 C:\FrameWorks\yii\framework\zii\widgets\CBaseListView.php(125): CDataProvider->getData()
#11 C:\FrameWorks\yii\framework\zii\widgets\CListView.php(211): CBaseListView->init()
#12 C:\FrameWorks\yii\framework\web\CBaseController.php(147): CListView->init()
#13 C:\FrameWorks\yii\framework\web\CBaseController.php(181): CBaseController->createWidget('zii.widgets.CLi...', Array)
#14 C:\Users\edytor\Documents\My Web Sites\WebSite1\blogYii\protected\views\post\index.php(8): CBaseController->widget('zii.widgets.CLi...', Array)
#15 C:\FrameWorks\yii\framework\web\CBaseController.php(126): require('C:\\Users\\edytor...')
#16 C:\FrameWorks\yii\framework\web\CBaseController.php(95): CBaseController->renderInternal('C:\\Users\\edytor...', Array, true)
#17 C:\FrameWorks\yii\framework\web\CController.php(872): CBaseController->renderFile('C:\\Users\\edytor...', Array, true)
#18 C:\FrameWorks\yii\framework\web\CController.php(785): CController->renderPartial('index', Array, true)
#19 C:\Users\edytor\Documents\My Web Sites\WebSite1\blogYii\protected\controllers\PostController.php(135): CController->render('index', Array)
#20 C:\FrameWorks\yii\framework\web\actions\CInlineAction.php(49): PostController->actionIndex()
#21 C:\FrameWorks\yii\framework\web\CController.php(308): CInlineAction->runWithParams(Array)
#22 C:\FrameWorks\yii\framework\web\filters\CFilterChain.php(134): CController->runAction(Object(CInlineAction))
#23 C:\FrameWorks\yii\framework\web\filters\CFilter.php(40): CFilterChain->run()
#24 C:\FrameWorks\yii\framework\web\CController.php(1148): CFilter->filter(Object(CFilterChain))
#25 C:\FrameWorks\yii\framework\web\filters\CInlineFilter.php(58): CController->filterAccessControl(Object(CFilterChain))
#26 C:\FrameWorks\yii\framework\web\filters\CFilterChain.php(131): CInlineFilter->filter(Object(CFilterChain))
#27 C:\FrameWorks\yii\framework\web\CController.php(291): CFilterChain->run()
#28 C:\FrameWorks\yii\framework\web\CController.php(265): CController->runActionWithFilters(Object(CInlineAction), Array)
#29 C:\FrameWorks\yii\framework\web\CWebApplication.php(282): CController->run('index')
#30 C:\FrameWorks\yii\framework\web\CWebApplication.php(141): CWebApplication->runController('post/index')
#31 C:\FrameWorks\yii\framework\base\CApplication.php(185): CWebApplication->processRequest()
#32 C:\Users\edytor\Documents\My Web Sites\WebSite1\blogYii\index-test.php(15): CApplication->run()
#33 {main}
REQUEST_URI=/index-test.php/post/index
HTTP_REFERER=http://localhost:3000/index-test.php/demopost/index
---
2018/07/17 21:44:22 [error] [exception.CDbException] CDbException: The table "{{demo_post}}" for active record class "DemoPost" cannot be found in the database. in C:\FrameWorks\yii\framework\db\ar\CActiveRecord.php:2390
Stack trace:
#0 C:\FrameWorks\yii\framework\db\ar\CActiveRecord.php(413): CActiveRecordMetaData->__construct(Object(DemoPost))
#1 C:\FrameWorks\yii\framework\db\ar\CActiveRecord.php(663): CActiveRecord->getMetaData()
#2 C:\FrameWorks\yii\framework\db\ar\CActiveFinder.php(393): CActiveRecord->getTableSchema()
#3 C:\FrameWorks\yii\framework\db\ar\CActiveFinder.php(47): CJoinElement->__construct(Object(CActiveFinder), Object(DemoPost))
#4 C:\FrameWorks\yii\framework\db\ar\CActiveRecord.php(915): CActiveFinder->__construct(Object(DemoPost), 'commentCount')
#5 C:\FrameWorks\yii\framework\db\ar\CActiveRecord.php(1612): CActiveRecord->getActiveFinder('commentCount')
#6 C:\FrameWorks\yii\framework\web\CActiveDataProvider.php(228): CActiveRecord->count(Object(CDbCriteria))
#7 C:\FrameWorks\yii\framework\web\CDataProvider.php(224): CActiveDataProvider->calculateTotalItemCount()
#8 C:\FrameWorks\yii\framework\web\CActiveDataProvider.php(178): CDataProvider->getTotalItemCount()
#9 C:\FrameWorks\yii\framework\web\CDataProvider.php(168): CActiveDataProvider->fetchData()
#10 C:\FrameWorks\yii\framework\zii\widgets\CBaseListView.php(125): CDataProvider->getData()
#11 C:\FrameWorks\yii\framework\zii\widgets\CListView.php(211): CBaseListView->init()
#12 C:\FrameWorks\yii\framework\web\CBaseController.php(147): CListView->init()
#13 C:\FrameWorks\yii\framework\web\CBaseController.php(181): CBaseController->createWidget('zii.widgets.CLi...', Array)
#14 C:\Users\edytor\Documents\My Web Sites\WebSite1\blogYii\protected\views\post\index.php(8): CBaseController->widget('zii.widgets.CLi...', Array)
#15 C:\FrameWorks\yii\framework\web\CBaseController.php(126): require('C:\\Users\\edytor...')
#16 C:\FrameWorks\yii\framework\web\CBaseController.php(95): CBaseController->renderInternal('C:\\Users\\edytor...', Array, true)
#17 C:\FrameWorks\yii\framework\web\CController.php(872): CBaseController->renderFile('C:\\Users\\edytor...', Array, true)
#18 C:\FrameWorks\yii\framework\web\CController.php(785): CController->renderPartial('//post/index', Array, true)
#19 C:\Users\edytor\Documents\My Web Sites\WebSite1\blogYii\protected\controllers\DemoPostController.php(137): CController->render('//post/index', Array)
#20 C:\FrameWorks\yii\framework\web\actions\CInlineAction.php(49): DemoPostController->actionIndex()
#21 C:\FrameWorks\yii\framework\web\CController.php(308): CInlineAction->runWithParams(Array)
#22 C:\FrameWorks\yii\framework\web\filters\CFilterChain.php(134): CController->runAction(Object(CInlineAction))
#23 C:\FrameWorks\yii\framework\web\filters\CFilter.php(40): CFilterChain->run()
#24 C:\FrameWorks\yii\framework\web\CController.php(1148): CFilter->filter(Object(CFilterChain))
#25 C:\FrameWorks\yii\framework\web\filters\CInlineFilter.php(58): CController->filterAccessControl(Object(CFilterChain))
#26 C:\FrameWorks\yii\framework\web\filters\CFilterChain.php(131): CInlineFilter->filter(Object(CFilterChain))
#27 C:\FrameWorks\yii\framework\web\CController.php(291): CFilterChain->run()
#28 C:\FrameWorks\yii\framework\web\CController.php(265): CController->runActionWithFilters(Object(CInlineAction), Array)
#29 C:\FrameWorks\yii\framework\web\CWebApplication.php(282): CController->run('index')
#30 C:\FrameWorks\yii\framework\web\CWebApplication.php(141): CWebApplication->runController('demopost/index')
#31 C:\FrameWorks\yii\framework\base\CApplication.php(185): CWebApplication->processRequest()
#32 C:\Users\edytor\Documents\My Web Sites\WebSite1\blogYii\index-test.php(15): CApplication->run()
#33 {main}
REQUEST_URI=/index-test.php/demopost/index
HTTP_REFERER=http://localhost:3000/index-test.php/cakeposts/index
---
2018/07/17 21:44:58 [error] [system.db.CDbCommand] Error in preparing SQL: SELECT COUNT(DISTINCT 't'."id") FROM 'symfony_demo_post' 't'  WHERE (status=2)
2018/07/17 21:44:58 [error] [system.db.CDbCommand] CDbCommand::fetchColumn() failed: CDbCommand failed to prepare the SQL statement: SQLSTATE[HY000]: General error: 1 no such column: status. The SQL statement executed was: SELECT COUNT(DISTINCT 't'."id") FROM 'symfony_demo_post' 't'  WHERE (status=2).
2018/07/17 21:44:58 [error] [exception.CDbException] CDbException: CDbCommand failed to execute the SQL statement: CDbCommand failed to prepare the SQL statement: SQLSTATE[HY000]: General error: 1 no such column: status in C:\FrameWorks\yii\framework\db\CDbCommand.php:543
Stack trace:
#0 C:\FrameWorks\yii\framework\db\CDbCommand.php(433): CDbCommand->queryInternal('fetchColumn', 0, Array)
#1 C:\FrameWorks\yii\framework\db\ar\CActiveFinder.php(765): CDbCommand->queryScalar()
#2 C:\FrameWorks\yii\framework\db\ar\CActiveFinder.php(151): CJoinElement->count(Object(CDbCriteria))
#3 C:\FrameWorks\yii\framework\db\ar\CActiveRecord.php(1613): CActiveFinder->count(Object(CDbCriteria))
#4 C:\FrameWorks\yii\framework\web\CActiveDataProvider.php(228): CActiveRecord->count(Object(CDbCriteria))
#5 C:\FrameWorks\yii\framework\web\CDataProvider.php(224): CActiveDataProvider->calculateTotalItemCount()
#6 C:\FrameWorks\yii\framework\web\CActiveDataProvider.php(178): CDataProvider->getTotalItemCount()
#7 C:\FrameWorks\yii\framework\web\CDataProvider.php(168): CActiveDataProvider->fetchData()
#8 C:\FrameWorks\yii\framework\zii\widgets\CBaseListView.php(125): CDataProvider->getData()
#9 C:\FrameWorks\yii\framework\zii\widgets\CListView.php(211): CBaseListView->init()
#10 C:\FrameWorks\yii\framework\web\CBaseController.php(147): CListView->init()
#11 C:\FrameWorks\yii\framework\web\CBaseController.php(181): CBaseController->createWidget('zii.widgets.CLi...', Array)
#12 C:\Users\edytor\Documents\My Web Sites\WebSite1\blogYii\protected\views\post\index.php(8): CBaseController->widget('zii.widgets.CLi...', Array)
#13 C:\FrameWorks\yii\framework\web\CBaseController.php(126): require('C:\\Users\\edytor...')
#14 C:\FrameWorks\yii\framework\web\CBaseController.php(95): CBaseController->renderInternal('C:\\Users\\edytor...', Array, true)
#15 C:\FrameWorks\yii\framework\web\CController.php(872): CBaseController->renderFile('C:\\Users\\edytor...', Array, true)
#16 C:\FrameWorks\yii\framework\web\CController.php(785): CController->renderPartial('//post/index', Array, true)
#17 C:\Users\edytor\Documents\My Web Sites\WebSite1\blogYii\protected\controllers\DemoPostController.php(137): CController->render('//post/index', Array)
#18 C:\FrameWorks\yii\framework\web\actions\CInlineAction.php(49): DemoPostController->actionIndex()
#19 C:\FrameWorks\yii\framework\web\CController.php(308): CInlineAction->runWithParams(Array)
#20 C:\FrameWorks\yii\framework\web\filters\CFilterChain.php(134): CController->runAction(Object(CInlineAction))
#21 C:\FrameWorks\yii\framework\web\filters\CFilter.php(40): CFilterChain->run()
#22 C:\FrameWorks\yii\framework\web\CController.php(1148): CFilter->filter(Object(CFilterChain))
#23 C:\FrameWorks\yii\framework\web\filters\CInlineFilter.php(58): CController->filterAccessControl(Object(CFilterChain))
#24 C:\FrameWorks\yii\framework\web\filters\CFilterChain.php(131): CInlineFilter->filter(Object(CFilterChain))
#25 C:\FrameWorks\yii\framework\web\CController.php(291): CFilterChain->run()
#26 C:\FrameWorks\yii\framework\web\CController.php(265): CController->runActionWithFilters(Object(CInlineAction), Array)
#27 C:\FrameWorks\yii\framework\web\CWebApplication.php(282): CController->run('index')
#28 C:\FrameWorks\yii\framework\web\CWebApplication.php(141): CWebApplication->runController('demopost/index')
#29 C:\FrameWorks\yii\framework\base\CApplication.php(185): CWebApplication->processRequest()
#30 C:\Users\edytor\Documents\My Web Sites\WebSite1\blogYii\index-test.php(15): CApplication->run()
#31 {main}
REQUEST_URI=/index-test.php/demopost/index
HTTP_REFERER=http://localhost:3000/index-test.php/cakeposts/index
---
2018/07/17 22:00:30 [error] [system.db.CDbCommand] Error in preparing SQL: SELECT COUNT(DISTINCT 't'."id") FROM 'symfony_demo_post' 't'  WHERE (status=2)
2018/07/17 22:00:30 [error] [system.db.CDbCommand] CDbCommand::fetchColumn() failed: CDbCommand failed to prepare the SQL statement: SQLSTATE[HY000]: General error: 1 no such column: status. The SQL statement executed was: SELECT COUNT(DISTINCT 't'."id") FROM 'symfony_demo_post' 't'  WHERE (status=2).
2018/07/17 22:00:30 [error] [exception.CDbException] CDbException: CDbCommand failed to execute the SQL statement: CDbCommand failed to prepare the SQL statement: SQLSTATE[HY000]: General error: 1 no such column: status in C:\FrameWorks\yii\framework\db\CDbCommand.php:543
Stack trace:
#0 C:\FrameWorks\yii\framework\db\CDbCommand.php(433): CDbCommand->queryInternal('fetchColumn', 0, Array)
#1 C:\FrameWorks\yii\framework\db\ar\CActiveFinder.php(765): CDbCommand->queryScalar()
#2 C:\FrameWorks\yii\framework\db\ar\CActiveFinder.php(151): CJoinElement->count(Object(CDbCriteria))
#3 C:\FrameWorks\yii\framework\db\ar\CActiveRecord.php(1613): CActiveFinder->count(Object(CDbCriteria))
#4 C:\FrameWorks\yii\framework\web\CActiveDataProvider.php(228): CActiveRecord->count(Object(CDbCriteria))
#5 C:\FrameWorks\yii\framework\web\CDataProvider.php(224): CActiveDataProvider->calculateTotalItemCount()
#6 C:\FrameWorks\yii\framework\web\CActiveDataProvider.php(178): CDataProvider->getTotalItemCount()
#7 C:\FrameWorks\yii\framework\web\CDataProvider.php(168): CActiveDataProvider->fetchData()
#8 C:\FrameWorks\yii\framework\zii\widgets\CBaseListView.php(125): CDataProvider->getData()
#9 C:\FrameWorks\yii\framework\zii\widgets\CListView.php(211): CBaseListView->init()
#10 C:\FrameWorks\yii\framework\web\CBaseController.php(147): CListView->init()
#11 C:\FrameWorks\yii\framework\web\CBaseController.php(181): CBaseController->createWidget('zii.widgets.CLi...', Array)
#12 C:\Users\edytor\Documents\My Web Sites\WebSite1\blogYii\protected\views\post\index.php(8): CBaseController->widget('zii.widgets.CLi...', Array)
#13 C:\FrameWorks\yii\framework\web\CBaseController.php(126): require('C:\\Users\\edytor...')
#14 C:\FrameWorks\yii\framework\web\CBaseController.php(95): CBaseController->renderInternal('C:\\Users\\edytor...', Array, true)
#15 C:\FrameWorks\yii\framework\web\CController.php(872): CBaseController->renderFile('C:\\Users\\edytor...', Array, true)
#16 C:\FrameWorks\yii\framework\web\CController.php(785): CController->renderPartial('//post/index', Array, true)
#17 C:\Users\edytor\Documents\My Web Sites\WebSite1\blogYii\protected\controllers\DemoPostController.php(137): CController->render('//post/index', Array)
#18 C:\FrameWorks\yii\framework\web\actions\CInlineAction.php(49): DemoPostController->actionIndex()
#19 C:\FrameWorks\yii\framework\web\CController.php(308): CInlineAction->runWithParams(Array)
#20 C:\FrameWorks\yii\framework\web\filters\CFilterChain.php(134): CController->runAction(Object(CInlineAction))
#21 C:\FrameWorks\yii\framework\web\filters\CFilter.php(40): CFilterChain->run()
#22 C:\FrameWorks\yii\framework\web\CController.php(1148): CFilter->filter(Object(CFilterChain))
#23 C:\FrameWorks\yii\framework\web\filters\CInlineFilter.php(58): CController->filterAccessControl(Object(CFilterChain))
#24 C:\FrameWorks\yii\framework\web\filters\CFilterChain.php(131): CInlineFilter->filter(Object(CFilterChain))
#25 C:\FrameWorks\yii\framework\web\CController.php(291): CFilterChain->run()
#26 C:\FrameWorks\yii\framework\web\CController.php(265): CController->runActionWithFilters(Object(CInlineAction), Array)
#27 C:\FrameWorks\yii\framework\web\CWebApplication.php(282): CController->run('index')
#28 C:\FrameWorks\yii\framework\web\CWebApplication.php(141): CWebApplication->runController('demopost/index')
#29 C:\FrameWorks\yii\framework\base\CApplication.php(185): CWebApplication->processRequest()
#30 C:\Users\edytor\Documents\My Web Sites\WebSite1\blogYii\index-test.php(15): CApplication->run()
#31 {main}
REQUEST_URI=/index-test.php/demopost/index
HTTP_REFERER=http://localhost:3000/index-test.php/post/index
---
2018/07/18 10:10:31 [error] [exception.CException] CException: CHttpRequest is unable to determine the request URI. in C:\FrameWorks\yii\framework\web\CHttpRequest.php:562
Stack trace:
#0 C:\FrameWorks\yii\framework\web\CHttpRequest.php(466): CHttpRequest->getRequestUri()
#1 C:\FrameWorks\yii\framework\web\CUrlManager.php(366): CHttpRequest->getPathInfo()
#2 C:\FrameWorks\yii\framework\web\CWebApplication.php(140): CUrlManager->parseUrl(Object(CHttpRequest))
#3 C:\FrameWorks\yii\framework\base\CApplication.php(185): CWebApplication->processRequest()
#4 C:\Users\edytor\Documents\My Web Sites\WebSite1\blogYii\index.php(11): CApplication->run()
#5 {main}
---
2018/07/18 10:12:12 [error] [exception.CException] CException: CHttpRequest is unable to determine the request URI. in C:\FrameWorks\yii\framework\web\CHttpRequest.php:562
Stack trace:
#0 C:\FrameWorks\yii\framework\web\CHttpRequest.php(466): CHttpRequest->getRequestUri()
#1 C:\FrameWorks\yii\framework\web\CUrlManager.php(366): CHttpRequest->getPathInfo()
#2 C:\FrameWorks\yii\framework\web\CWebApplication.php(140): CUrlManager->parseUrl(Object(CHttpRequest))
#3 C:\FrameWorks\yii\framework\base\CApplication.php(185): CWebApplication->processRequest()
#4 C:\Users\edytor\Documents\My Web Sites\WebSite1\blogYii\index.php(11): CApplication->run()
#5 {main}
---
2018/07/18 10:13:29 [error] [exception.CException] CException: CHttpRequest is unable to determine the request URI. in C:\FrameWorks\yii\framework\web\CHttpRequest.php:562
Stack trace:
#0 C:\FrameWorks\yii\framework\web\CHttpRequest.php(466): CHttpRequest->getRequestUri()
#1 C:\FrameWorks\yii\framework\web\CUrlManager.php(366): CHttpRequest->getPathInfo()
#2 C:\FrameWorks\yii\framework\web\CWebApplication.php(140): CUrlManager->parseUrl(Object(CHttpRequest))
#3 C:\FrameWorks\yii\framework\base\CApplication.php(185): CWebApplication->processRequest()
#4 C:\Users\edytor\Documents\My Web Sites\WebSite1\blogYii\index.php(11): CApplication->run()
#5 {main}
---
2018/07/18 10:13:31 [error] [exception.CException] CException: CHttpRequest is unable to determine the request URI. in C:\FrameWorks\yii\framework\web\CHttpRequest.php:562
Stack trace:
#0 C:\FrameWorks\yii\framework\web\CHttpRequest.php(466): CHttpRequest->getRequestUri()
#1 C:\FrameWorks\yii\framework\web\CUrlManager.php(366): CHttpRequest->getPathInfo()
#2 C:\FrameWorks\yii\framework\web\CWebApplication.php(140): CUrlManager->parseUrl(Object(CHttpRequest))
#3 C:\FrameWorks\yii\framework\base\CApplication.php(185): CWebApplication->processRequest()
#4 C:\Users\edytor\Documents\My Web Sites\WebSite1\blogYii\index.php(11): CApplication->run()
#5 {main}
---
